This is pdfTeX, Version 3.14159265-2.6-1.40.19 (MiKTeX 2.9.6840 64-bit) (preloaded format=pdflatex 2018.11.7)  12 FEB 2019 11:49
entering extended mode
**./sae3.tex
(sae3.tex
LaTeX2e <2018-04-01> patch level 5
("C:\Program Files\MiKTeX 2.9\tex\latex\base\article.cls"
Document Class: article 2014/09/29 v1.4h Standard LaTeX document class
("C:\Program Files\MiKTeX 2.9\tex\latex\base\size12.clo"
File: size12.clo 2014/09/29 v1.4h Standard LaTeX file (size option)
)
\c@part=\count80
\c@section=\count81
\c@subsection=\count82
\c@subsubsection=\count83
\c@paragraph=\count84
\c@subparagraph=\count85
\c@figure=\count86
\c@table=\count87
\abovecaptionskip=\skip41
\belowcaptionskip=\skip42
\bibindent=\dimen102
)
("C:\Program Files\MiKTeX 2.9\tex\latex\base\inputenc.sty"
Package: inputenc 2018/04/06 v1.3b Input encoding file
\inpenc@prehook=\toks14
\inpenc@posthook=\toks15
)
("C:\Program Files\MiKTeX 2.9\tex\generic\babel\babel.sty"
Package: babel 2018/09/26 3.24 The Babel package

("C:\Program Files\MiKTeX 2.9\tex\generic\babel\switch.def"
File: switch.def 2018/09/26 3.24 Babel switching mechanism
)
*************************************
* Local config file bblopts.cfg used
*
("C:\Program Files\MiKTeX 2.9\tex\latex\arabi\bblopts.cfg"
File: bblopts.cfg 2005/09/08 v0.1 add Arabic and Farsi to "declared" options of
 babel
)
("C:\Program Files\MiKTeX 2.9\tex\latex\babel-greek\greek.ldf"
Language: greek 2016/09/07 v1.9g Greek support for the babel system

("C:\Program Files\MiKTeX 2.9\tex\generic\babel\babel.def"
File: babel.def 2018/09/26 3.24 Babel common definitions
\babel@savecnt=\count88
\U@D=\dimen103

("C:\Program Files\MiKTeX 2.9\tex\generic\babel\txtbabel.def")
\bbl@dirlevel=\count89
)
\bbl@monogreek=\count90
\bbl@polygreek=\count91
\bbl@ancientgreek=\count92

("C:\Program Files\MiKTeX 2.9\tex\latex\greek-fontenc\lgrenc.def"
File: lgrenc.def 2015/12/07 v0.13.1 LGR Greek font encoding definitions
Now handling font encoding LGR ...
... processing UTF-8 mapping file for font encoding LGR

("C:\Program Files\MiKTeX 2.9\tex\latex\greek-inputenc\lgrenc.dfu"
File: lgrenc.dfu 2015/08/05 1.6 UTF-8 support for Greek
   defining Unicode char U+00A8 (decimal 168)
   defining Unicode char U+00AB (decimal 171)
   defining Unicode char U+00AF (decimal 175)
   defining Unicode char U+00B4 (decimal 180)
   defining Unicode char U+00B7 (decimal 183)
   defining Unicode char U+00BB (decimal 187)
   defining Unicode char U+0259 (decimal 601)
   defining Unicode char U+02D8 (decimal 728)
   defining Unicode char U+2013 (decimal 8211)
   defining Unicode char U+2014 (decimal 8212)
   defining Unicode char U+2018 (decimal 8216)
   defining Unicode char U+2019 (decimal 8217)
   defining Unicode char U+201A (decimal 8218)
   defining Unicode char U+2030 (decimal 8240)
   defining Unicode char U+2039 (decimal 8249)
   defining Unicode char U+203A (decimal 8250)
   defining Unicode char U+20AC (decimal 8364)
   defining Unicode char U+0374 (decimal 884)
   defining Unicode char U+0375 (decimal 885)
   defining Unicode char U+037A (decimal 890)
   defining Unicode char U+037E (decimal 894)
   defining Unicode char U+0384 (decimal 900)
   defining Unicode char U+0385 (decimal 901)
   defining Unicode char U+0386 (decimal 902)
   defining Unicode char U+0387 (decimal 903)
   defining Unicode char U+0388 (decimal 904)
   defining Unicode char U+0389 (decimal 905)
   defining Unicode char U+038A (decimal 906)
   defining Unicode char U+038C (decimal 908)
   defining Unicode char U+038E (decimal 910)
   defining Unicode char U+038F (decimal 911)
   defining Unicode char U+0390 (decimal 912)
   defining Unicode char U+0391 (decimal 913)
   defining Unicode char U+0392 (decimal 914)
   defining Unicode char U+0393 (decimal 915)
   defining Unicode char U+0394 (decimal 916)
   defining Unicode char U+0395 (decimal 917)
   defining Unicode char U+0396 (decimal 918)
   defining Unicode char U+0397 (decimal 919)
   defining Unicode char U+0398 (decimal 920)
   defining Unicode char U+0399 (decimal 921)
   defining Unicode char U+039A (decimal 922)
   defining Unicode char U+039B (decimal 923)
   defining Unicode char U+039C (decimal 924)
   defining Unicode char U+039D (decimal 925)
   defining Unicode char U+039E (decimal 926)
   defining Unicode char U+039F (decimal 927)
   defining Unicode char U+03A0 (decimal 928)
   defining Unicode char U+03A1 (decimal 929)
   defining Unicode char U+03A3 (decimal 931)
   defining Unicode char U+03A4 (decimal 932)
   defining Unicode char U+03A5 (decimal 933)
   defining Unicode char U+03A6 (decimal 934)
   defining Unicode char U+03A7 (decimal 935)
   defining Unicode char U+03A8 (decimal 936)
   defining Unicode char U+03A9 (decimal 937)
   defining Unicode char U+03AA (decimal 938)
   defining Unicode char U+03AB (decimal 939)
   defining Unicode char U+03AC (decimal 940)
   defining Unicode char U+03AD (decimal 941)
   defining Unicode char U+03AE (decimal 942)
   defining Unicode char U+03AF (decimal 943)
   defining Unicode char U+03B0 (decimal 944)
   defining Unicode char U+03B1 (decimal 945)
   defining Unicode char U+03B2 (decimal 946)
   defining Unicode char U+03B3 (decimal 947)
   defining Unicode char U+03B4 (decimal 948)
   defining Unicode char U+03B5 (decimal 949)
   defining Unicode char U+03B6 (decimal 950)
   defining Unicode char U+03B7 (decimal 951)
   defining Unicode char U+03B8 (decimal 952)
   defining Unicode char U+03B9 (decimal 953)
   defining Unicode char U+03BA (decimal 954)
   defining Unicode char U+03BB (decimal 955)
   defining Unicode char U+03BC (decimal 956)
   defining Unicode char U+03BD (decimal 957)
   defining Unicode char U+03BE (decimal 958)
   defining Unicode char U+03BF (decimal 959)
   defining Unicode char U+03C0 (decimal 960)
   defining Unicode char U+03C1 (decimal 961)
   defining Unicode char U+03C2 (decimal 962)
   defining Unicode char U+03C3 (decimal 963)
   defining Unicode char U+03C4 (decimal 964)
   defining Unicode char U+03C5 (decimal 965)
   defining Unicode char U+03C6 (decimal 966)
   defining Unicode char U+03C7 (decimal 967)
   defining Unicode char U+03C8 (decimal 968)
   defining Unicode char U+03C9 (decimal 969)
   defining Unicode char U+03CA (decimal 970)
   defining Unicode char U+03CB (decimal 971)
   defining Unicode char U+03CC (decimal 972)
   defining Unicode char U+03CD (decimal 973)
   defining Unicode char U+03CE (decimal 974)
   defining Unicode char U+03D0 (decimal 976)
   defining Unicode char U+03D1 (decimal 977)
   defining Unicode char U+03D5 (decimal 981)
   defining Unicode char U+03D6 (decimal 982)
   defining Unicode char U+03D8 (decimal 984)
   defining Unicode char U+03D9 (decimal 985)
   defining Unicode char U+03DA (decimal 986)
   defining Unicode char U+03DB (decimal 987)
   defining Unicode char U+03DC (decimal 988)
   defining Unicode char U+03DD (decimal 989)
   defining Unicode char U+03DF (decimal 991)
   defining Unicode char U+03E0 (decimal 992)
   defining Unicode char U+03E1 (decimal 993)
   defining Unicode char U+03F0 (decimal 1008)
   defining Unicode char U+03F1 (decimal 1009)
   defining Unicode char U+03F4 (decimal 1012)
   defining Unicode char U+03F5 (decimal 1013)
   defining Unicode char U+1F00 (decimal 7936)
   defining Unicode char U+1F01 (decimal 7937)
   defining Unicode char U+1F02 (decimal 7938)
   defining Unicode char U+1F03 (decimal 7939)
   defining Unicode char U+1F04 (decimal 7940)
   defining Unicode char U+1F05 (decimal 7941)
   defining Unicode char U+1F06 (decimal 7942)
   defining Unicode char U+1F07 (decimal 7943)
   defining Unicode char U+1F08 (decimal 7944)
   defining Unicode char U+1F09 (decimal 7945)
   defining Unicode char U+1F0A (decimal 7946)
   defining Unicode char U+1F0B (decimal 7947)
   defining Unicode char U+1F0C (decimal 7948)
   defining Unicode char U+1F0D (decimal 7949)
   defining Unicode char U+1F0E (decimal 7950)
   defining Unicode char U+1F0F (decimal 7951)
   defining Unicode char U+1F10 (decimal 7952)
   defining Unicode char U+1F11 (decimal 7953)
   defining Unicode char U+1F12 (decimal 7954)
   defining Unicode char U+1F13 (decimal 7955)
   defining Unicode char U+1F14 (decimal 7956)
   defining Unicode char U+1F15 (decimal 7957)
   defining Unicode char U+1F18 (decimal 7960)
   defining Unicode char U+1F19 (decimal 7961)
   defining Unicode char U+1F1A (decimal 7962)
   defining Unicode char U+1F1B (decimal 7963)
   defining Unicode char U+1F1C (decimal 7964)
   defining Unicode char U+1F1D (decimal 7965)
   defining Unicode char U+1F20 (decimal 7968)
   defining Unicode char U+1F21 (decimal 7969)
   defining Unicode char U+1F22 (decimal 7970)
   defining Unicode char U+1F23 (decimal 7971)
   defining Unicode char U+1F24 (decimal 7972)
   defining Unicode char U+1F25 (decimal 7973)
   defining Unicode char U+1F26 (decimal 7974)
   defining Unicode char U+1F27 (decimal 7975)
   defining Unicode char U+1F28 (decimal 7976)
   defining Unicode char U+1F29 (decimal 7977)
   defining Unicode char U+1F2A (decimal 7978)
   defining Unicode char U+1F2B (decimal 7979)
   defining Unicode char U+1F2C (decimal 7980)
   defining Unicode char U+1F2D (decimal 7981)
   defining Unicode char U+1F2E (decimal 7982)
   defining Unicode char U+1F2F (decimal 7983)
   defining Unicode char U+1F30 (decimal 7984)
   defining Unicode char U+1F31 (decimal 7985)
   defining Unicode char U+1F32 (decimal 7986)
   defining Unicode char U+1F33 (decimal 7987)
   defining Unicode char U+1F34 (decimal 7988)
   defining Unicode char U+1F35 (decimal 7989)
   defining Unicode char U+1F36 (decimal 7990)
   defining Unicode char U+1F37 (decimal 7991)
   defining Unicode char U+1F38 (decimal 7992)
   defining Unicode char U+1F39 (decimal 7993)
   defining Unicode char U+1F3A (decimal 7994)
   defining Unicode char U+1F3B (decimal 7995)
   defining Unicode char U+1F3C (decimal 7996)
   defining Unicode char U+1F3D (decimal 7997)
   defining Unicode char U+1F3E (decimal 7998)
   defining Unicode char U+1F3F (decimal 7999)
   defining Unicode char U+1F40 (decimal 8000)
   defining Unicode char U+1F41 (decimal 8001)
   defining Unicode char U+1F42 (decimal 8002)
   defining Unicode char U+1F43 (decimal 8003)
   defining Unicode char U+1F44 (decimal 8004)
   defining Unicode char U+1F45 (decimal 8005)
   defining Unicode char U+1F48 (decimal 8008)
   defining Unicode char U+1F49 (decimal 8009)
   defining Unicode char U+1F4A (decimal 8010)
   defining Unicode char U+1F4B (decimal 8011)
   defining Unicode char U+1F4C (decimal 8012)
   defining Unicode char U+1F4D (decimal 8013)
   defining Unicode char U+1F50 (decimal 8016)
   defining Unicode char U+1F51 (decimal 8017)
   defining Unicode char U+1F52 (decimal 8018)
   defining Unicode char U+1F53 (decimal 8019)
   defining Unicode char U+1F54 (decimal 8020)
   defining Unicode char U+1F55 (decimal 8021)
   defining Unicode char U+1F56 (decimal 8022)
   defining Unicode char U+1F57 (decimal 8023)
   defining Unicode char U+1F59 (decimal 8025)
   defining Unicode char U+1F5B (decimal 8027)
   defining Unicode char U+1F5D (decimal 8029)
   defining Unicode char U+1F5F (decimal 8031)
   defining Unicode char U+1F60 (decimal 8032)
   defining Unicode char U+1F61 (decimal 8033)
   defining Unicode char U+1F62 (decimal 8034)
   defining Unicode char U+1F63 (decimal 8035)
   defining Unicode char U+1F64 (decimal 8036)
   defining Unicode char U+1F65 (decimal 8037)
   defining Unicode char U+1F66 (decimal 8038)
   defining Unicode char U+1F67 (decimal 8039)
   defining Unicode char U+1F68 (decimal 8040)
   defining Unicode char U+1F69 (decimal 8041)
   defining Unicode char U+1F6A (decimal 8042)
   defining Unicode char U+1F6B (decimal 8043)
   defining Unicode char U+1F6C (decimal 8044)
   defining Unicode char U+1F6D (decimal 8045)
   defining Unicode char U+1F6E (decimal 8046)
   defining Unicode char U+1F6F (decimal 8047)
   defining Unicode char U+1F70 (decimal 8048)
   defining Unicode char U+1F71 (decimal 8049)
   defining Unicode char U+1F72 (decimal 8050)
   defining Unicode char U+1F73 (decimal 8051)
   defining Unicode char U+1F74 (decimal 8052)
   defining Unicode char U+1F75 (decimal 8053)
   defining Unicode char U+1F76 (decimal 8054)
   defining Unicode char U+1F77 (decimal 8055)
   defining Unicode char U+1F78 (decimal 8056)
   defining Unicode char U+1F79 (decimal 8057)
   defining Unicode char U+1F7A (decimal 8058)
   defining Unicode char U+1F7B (decimal 8059)
   defining Unicode char U+1F7C (decimal 8060)
   defining Unicode char U+1F7D (decimal 8061)
   defining Unicode char U+1F80 (decimal 8064)
   defining Unicode char U+1F81 (decimal 8065)
   defining Unicode char U+1F82 (decimal 8066)
   defining Unicode char U+1F83 (decimal 8067)
   defining Unicode char U+1F84 (decimal 8068)
   defining Unicode char U+1F85 (decimal 8069)
   defining Unicode char U+1F86 (decimal 8070)
   defining Unicode char U+1F87 (decimal 8071)
   defining Unicode char U+1F88 (decimal 8072)
   defining Unicode char U+1F89 (decimal 8073)
   defining Unicode char U+1F8A (decimal 8074)
   defining Unicode char U+1F8B (decimal 8075)
   defining Unicode char U+1F8C (decimal 8076)
   defining Unicode char U+1F8D (decimal 8077)
   defining Unicode char U+1F8E (decimal 8078)
   defining Unicode char U+1F8F (decimal 8079)
   defining Unicode char U+1F90 (decimal 8080)
   defining Unicode char U+1F91 (decimal 8081)
   defining Unicode char U+1F92 (decimal 8082)
   defining Unicode char U+1F93 (decimal 8083)
   defining Unicode char U+1F94 (decimal 8084)
   defining Unicode char U+1F95 (decimal 8085)
   defining Unicode char U+1F96 (decimal 8086)
   defining Unicode char U+1F97 (decimal 8087)
   defining Unicode char U+1F98 (decimal 8088)
   defining Unicode char U+1F99 (decimal 8089)
   defining Unicode char U+1F9A (decimal 8090)
   defining Unicode char U+1F9B (decimal 8091)
   defining Unicode char U+1F9C (decimal 8092)
   defining Unicode char U+1F9D (decimal 8093)
   defining Unicode char U+1F9E (decimal 8094)
   defining Unicode char U+1F9F (decimal 8095)
   defining Unicode char U+1FA0 (decimal 8096)
   defining Unicode char U+1FA1 (decimal 8097)
   defining Unicode char U+1FA2 (decimal 8098)
   defining Unicode char U+1FA3 (decimal 8099)
   defining Unicode char U+1FA4 (decimal 8100)
   defining Unicode char U+1FA5 (decimal 8101)
   defining Unicode char U+1FA6 (decimal 8102)
   defining Unicode char U+1FA7 (decimal 8103)
   defining Unicode char U+1FA8 (decimal 8104)
   defining Unicode char U+1FA9 (decimal 8105)
   defining Unicode char U+1FAA (decimal 8106)
   defining Unicode char U+1FAB (decimal 8107)
   defining Unicode char U+1FAC (decimal 8108)
   defining Unicode char U+1FAD (decimal 8109)
   defining Unicode char U+1FAE (decimal 8110)
   defining Unicode char U+1FAF (decimal 8111)
   defining Unicode char U+1FB0 (decimal 8112)
   defining Unicode char U+1FB1 (decimal 8113)
   defining Unicode char U+1FB2 (decimal 8114)
   defining Unicode char U+1FB3 (decimal 8115)
   defining Unicode char U+1FB4 (decimal 8116)
   defining Unicode char U+1FB6 (decimal 8118)
   defining Unicode char U+1FB7 (decimal 8119)
   defining Unicode char U+1FB8 (decimal 8120)
   defining Unicode char U+1FB9 (decimal 8121)
   defining Unicode char U+1FBA (decimal 8122)
   defining Unicode char U+1FBB (decimal 8123)
   defining Unicode char U+1FBC (decimal 8124)
   defining Unicode char U+1FBD (decimal 8125)
   defining Unicode char U+1FBE (decimal 8126)
   defining Unicode char U+1FBF (decimal 8127)
   defining Unicode char U+1FC0 (decimal 8128)
   defining Unicode char U+1FC1 (decimal 8129)
   defining Unicode char U+1FC2 (decimal 8130)
   defining Unicode char U+1FC3 (decimal 8131)
   defining Unicode char U+1FC4 (decimal 8132)
   defining Unicode char U+1FC6 (decimal 8134)
   defining Unicode char U+1FC7 (decimal 8135)
   defining Unicode char U+1FC8 (decimal 8136)
   defining Unicode char U+1FC9 (decimal 8137)
   defining Unicode char U+1FCA (decimal 8138)
   defining Unicode char U+1FCB (decimal 8139)
   defining Unicode char U+1FCC (decimal 8140)
   defining Unicode char U+1FCD (decimal 8141)
   defining Unicode char U+1FCE (decimal 8142)
   defining Unicode char U+1FCF (decimal 8143)
   defining Unicode char U+1FD0 (decimal 8144)
   defining Unicode char U+1FD1 (decimal 8145)
   defining Unicode char U+1FD2 (decimal 8146)
   defining Unicode char U+1FD3 (decimal 8147)
   defining Unicode char U+1FD6 (decimal 8150)
   defining Unicode char U+1FD7 (decimal 8151)
   defining Unicode char U+1FD8 (decimal 8152)
   defining Unicode char U+1FD9 (decimal 8153)
   defining Unicode char U+1FDA (decimal 8154)
   defining Unicode char U+1FDB (decimal 8155)
   defining Unicode char U+1FDD (decimal 8157)
   defining Unicode char U+1FDE (decimal 8158)
   defining Unicode char U+1FDF (decimal 8159)
   defining Unicode char U+1FE0 (decimal 8160)
   defining Unicode char U+1FE1 (decimal 8161)
   defining Unicode char U+1FE2 (decimal 8162)
   defining Unicode char U+1FE3 (decimal 8163)
   defining Unicode char U+1FE4 (decimal 8164)
   defining Unicode char U+1FE5 (decimal 8165)
   defining Unicode char U+1FE6 (decimal 8166)
   defining Unicode char U+1FE7 (decimal 8167)
   defining Unicode char U+1FE8 (decimal 8168)
   defining Unicode char U+1FE9 (decimal 8169)
   defining Unicode char U+1FEA (decimal 8170)
   defining Unicode char U+1FEB (decimal 8171)
   defining Unicode char U+1FEC (decimal 8172)
   defining Unicode char U+1FED (decimal 8173)
   defining Unicode char U+1FEE (decimal 8174)
   defining Unicode char U+1FEF (decimal 8175)
   defining Unicode char U+1FF2 (decimal 8178)
   defining Unicode char U+1FF3 (decimal 8179)
   defining Unicode char U+1FF4 (decimal 8180)
   defining Unicode char U+1FF6 (decimal 8182)
   defining Unicode char U+1FF7 (decimal 8183)
   defining Unicode char U+1FF8 (decimal 8184)
   defining Unicode char U+1FF9 (decimal 8185)
   defining Unicode char U+1FFA (decimal 8186)
   defining Unicode char U+1FFB (decimal 8187)
   defining Unicode char U+1FFC (decimal 8188)
   defining Unicode char U+1FFD (decimal 8189)
   defining Unicode char U+1FFE (decimal 8190)
   defining Unicode char U+2013 (decimal 8211)
   defining Unicode char U+2014 (decimal 8212)
   defining Unicode char U+2018 (decimal 8216)
   defining Unicode char U+2019 (decimal 8217)
   defining Unicode char U+2030 (decimal 8240)
   defining Unicode char U+20AC (decimal 8364)
   defining Unicode char U+2126 (decimal 8486)
   defining Unicode char U+10144 (decimal 65860)
   defining Unicode char U+10145 (decimal 65861)
   defining Unicode char U+10146 (decimal 65862)
   defining Unicode char U+10147 (decimal 65863)
)
("C:\Program Files\MiKTeX 2.9\tex\latex\greek-fontenc\greek-fontenc.def"
File: greek-fontenc.def 2015/08/04 v0.13 Common Greek font encoding definitions

))
LaTeX Info: Composite with undeclared \< in encoding LGR on input line 418.
LaTeX Info: Composite with undeclared \> in encoding LGR on input line 418.
)
("C:\Program Files\MiKTeX 2.9\tex\latex\babel-english\english.ldf"
Language: english 2017/06/06 v3.3r English support from the babel system
\l@canadian = a dialect from \language\l@american 
\l@australian = a dialect from \language\l@british 
\l@newzealand = a dialect from \language\l@british 
))
("C:\Program Files\MiKTeX 2.9\tex\latex\hyperref\hyperref.sty"
Package: hyperref 2018/09/30 v6.88a Hypertext links for LaTeX

("C:\Program Files\MiKTeX 2.9\tex\generic\oberdiek\hobsub-hyperref.sty"
Package: hobsub-hyperref 2016/05/16 v1.14 Bundle oberdiek, subset hyperref (HO)


("C:\Program Files\MiKTeX 2.9\tex\generic\oberdiek\hobsub-generic.sty"
Package: hobsub-generic 2016/05/16 v1.14 Bundle oberdiek, subset generic (HO)
Package: hobsub 2016/05/16 v1.14 Construct package bundles (HO)
Package: infwarerr 2016/05/16 v1.4 Providing info/warning/error messages (HO)
Package: ltxcmds 2016/05/16 v1.23 LaTeX kernel commands for general use (HO)
Package: ifluatex 2016/05/16 v1.4 Provides the ifluatex switch (HO)
Package ifluatex Info: LuaTeX not detected.
Package: ifvtex 2016/05/16 v1.6 Detect VTeX and its facilities (HO)
Package ifvtex Info: VTeX not detected.
Package: intcalc 2016/05/16 v1.2 Expandable calculations with integers (HO)
Package: ifpdf 2018/09/07 v3.3 Provides the ifpdf switch
Package: etexcmds 2016/05/16 v1.6 Avoid name clashes with e-TeX commands (HO)
Package etexcmds Info: Could not find \expanded.
(etexcmds)             That can mean that you are not using pdfTeX 1.50 or
(etexcmds)             that some package has redefined \expanded.
(etexcmds)             In the latter case, load this package earlier.
Package: kvsetkeys 2016/05/16 v1.17 Key value parser (HO)
Package: kvdefinekeys 2016/05/16 v1.4 Define keys (HO)
Package: pdftexcmds 2018/09/10 v0.29 Utility functions of pdfTeX for LuaTeX (HO
)
Package pdftexcmds Info: LuaTeX not detected.
Package pdftexcmds Info: \pdf@primitive is available.
Package pdftexcmds Info: \pdf@ifprimitive is available.
Package pdftexcmds Info: \pdfdraftmode found.
Package: pdfescape 2016/05/16 v1.14 Implements pdfTeX's escape features (HO)
Package: bigintcalc 2016/05/16 v1.4 Expandable calculations on big integers (HO
)
Package: bitset 2016/05/16 v1.2 Handle bit-vector datatype (HO)
Package: uniquecounter 2016/05/16 v1.3 Provide unlimited unique counter (HO)
)
Package hobsub Info: Skipping package `hobsub' (already loaded).
Package: letltxmacro 2016/05/16 v1.5 Let assignment for LaTeX macros (HO)
Package: hopatch 2016/05/16 v1.3 Wrapper for package hooks (HO)
Package: xcolor-patch 2016/05/16 xcolor patch
Package: atveryend 2016/05/16 v1.9 Hooks at the very end of document (HO)
Package atveryend Info: \enddocument detected (standard20110627).
Package: atbegshi 2016/06/09 v1.18 At begin shipout hook (HO)
Package: refcount 2016/05/16 v3.5 Data extraction from label references (HO)
Package: hycolor 2016/05/16 v1.8 Color options for hyperref/bookmark (HO)
)
("C:\Program Files\MiKTeX 2.9\tex\latex\graphics\keyval.sty"
Package: keyval 2014/10/28 v1.15 key=value parser (DPC)
\KV@toks@=\toks16
)
("C:\Program Files\MiKTeX 2.9\tex\generic\ifxetex\ifxetex.sty"
Package: ifxetex 2010/09/12 v0.6 Provides ifxetex conditional
)
("C:\Program Files\MiKTeX 2.9\tex\latex\oberdiek\auxhook.sty"
Package: auxhook 2016/05/16 v1.4 Hooks for auxiliary files (HO)
)
("C:\Program Files\MiKTeX 2.9\tex\latex\oberdiek\kvoptions.sty"
Package: kvoptions 2016/05/16 v3.12 Key value format for package options (HO)
)
\@linkdim=\dimen104
\Hy@linkcounter=\count93
\Hy@pagecounter=\count94

("C:\Program Files\MiKTeX 2.9\tex\latex\hyperref\pd1enc.def"
File: pd1enc.def 2018/09/30 v6.88a Hyperref: PDFDocEncoding definition (HO)
Now handling font encoding PD1 ...
... no UTF-8 mapping file for font encoding PD1
)
\Hy@SavedSpaceFactor=\count95

("C:\Program Files\MiKTeX 2.9\tex\latex\00miktex\hyperref.cfg"
File: hyperref.cfg 2002/06/06 v1.2 hyperref configuration of TeXLive
)
Package hyperref Info: Option `unicode' set `true' on input line 4409.

("C:\Program Files\MiKTeX 2.9\tex\latex\hyperref\puenc.def"
File: puenc.def 2018/09/30 v6.88a Hyperref: PDF Unicode definition (HO)
Now handling font encoding PU ...
... no UTF-8 mapping file for font encoding PU
)
Package hyperref Info: Hyper figures OFF on input line 4535.
Package hyperref Info: Link nesting OFF on input line 4540.
Package hyperref Info: Hyper index ON on input line 4543.
Package hyperref Info: Plain pages OFF on input line 4550.
Package hyperref Info: Backreferencing OFF on input line 4555.
Package hyperref Info: Implicit mode ON; LaTeX internals redefined.
Package hyperref Info: Bookmarks ON on input line 4788.
\c@Hy@tempcnt=\count96

("C:\Program Files\MiKTeX 2.9\tex\latex\url\url.sty"
\Urlmuskip=\muskip10
Package: url 2013/09/16  ver 3.4  Verb mode for urls, etc.
)
LaTeX Info: Redefining \url on input line 5141.
\XeTeXLinkMargin=\dimen105
\Fld@menulength=\count97
\Field@Width=\dimen106
\Fld@charsize=\dimen107
Package hyperref Info: Hyper figures OFF on input line 6396.
Package hyperref Info: Link nesting OFF on input line 6401.
Package hyperref Info: Hyper index ON on input line 6404.
Package hyperref Info: backreferencing OFF on input line 6411.
Package hyperref Info: Link coloring OFF on input line 6416.
Package hyperref Info: Link coloring with OCG OFF on input line 6421.
Package hyperref Info: PDF/A mode OFF on input line 6426.
LaTeX Info: Redefining \ref on input line 6466.
LaTeX Info: Redefining \pageref on input line 6470.
\Hy@abspage=\count98
\c@Item=\count99
\c@Hfootnote=\count100
)
Package hyperref Info: Driver (autodetected): hpdftex.

("C:\Program Files\MiKTeX 2.9\tex\latex\hyperref\hpdftex.def"
File: hpdftex.def 2018/09/30 v6.88a Hyperref driver for pdfTeX
\Fld@listcount=\count101
\c@bookmark@seq@number=\count102

("C:\Program Files\MiKTeX 2.9\tex\latex\oberdiek\rerunfilecheck.sty"
Package: rerunfilecheck 2016/05/16 v1.8 Rerun checks for auxiliary files (HO)
Package uniquecounter Info: New unique counter `rerunfilecheck' on input line 2
82.
)
\Hy@SectionHShift=\skip43
)
("C:\Program Files\MiKTeX 2.9\tex\latex\greek-fontenc\alphabeta.sty"
Package: alphabeta 2016/02/05 v0.13.2 macros for Greek letters in text and math


("C:\Program Files\MiKTeX 2.9\tex\latex\greek-fontenc\textalpha.sty"
Package: textalpha 2016/02/05 v0.13.2 macros for Greek letters in text
))
("C:\Program Files\MiKTeX 2.9\tex\latex\amsmath\amsmath.sty"
Package: amsmath 2017/09/02 v2.17a AMS math features
\@mathmargin=\skip44

For additional information on amsmath, use the `?' option.
("C:\Program Files\MiKTeX 2.9\tex\latex\amsmath\amstext.sty"
Package: amstext 2000/06/29 v2.01 AMS text

("C:\Program Files\MiKTeX 2.9\tex\latex\amsmath\amsgen.sty"
File: amsgen.sty 1999/11/30 v2.0 generic functions
\@emptytoks=\toks17
\ex@=\dimen108
))
("C:\Program Files\MiKTeX 2.9\tex\latex\amsmath\amsbsy.sty"
Package: amsbsy 1999/11/29 v1.2d Bold Symbols
\pmbraise@=\dimen109
)
("C:\Program Files\MiKTeX 2.9\tex\latex\amsmath\amsopn.sty"
Package: amsopn 2016/03/08 v2.02 operator names
)
\inf@bad=\count103
LaTeX Info: Redefining \frac on input line 213.
\uproot@=\count104
\leftroot@=\count105
LaTeX Info: Redefining \overline on input line 375.
\classnum@=\count106
\DOTSCASE@=\count107
LaTeX Info: Redefining \ldots on input line 472.
LaTeX Info: Redefining \dots on input line 475.
LaTeX Info: Redefining \cdots on input line 596.
\Mathstrutbox@=\box26
\strutbox@=\box27
\big@size=\dimen110
LaTeX Font Info:    Redeclaring font encoding OML on input line 712.
LaTeX Font Info:    Redeclaring font encoding OMS on input line 713.
\macc@depth=\count108
\c@MaxMatrixCols=\count109
\dotsspace@=\muskip11
\c@parentequation=\count110
\dspbrk@lvl=\count111
\tag@help=\toks18
\row@=\count112
\column@=\count113
\maxfields@=\count114
\andhelp@=\toks19
\eqnshift@=\dimen111
\alignsep@=\dimen112
\tagshift@=\dimen113
\tagwidth@=\dimen114
\totwidth@=\dimen115
\lineht@=\dimen116
\@envbody=\toks20
\multlinegap=\skip45
\multlinetaggap=\skip46
\mathdisplay@stack=\toks21
LaTeX Info: Redefining \[ on input line 2817.
LaTeX Info: Redefining \] on input line 2818.
)
("C:\Program Files\MiKTeX 2.9\tex\latex\mathtools\mathtools.sty"
Package: mathtools 2018/01/08 v1.21 mathematical typesetting tools

("C:\Program Files\MiKTeX 2.9\tex\latex\tools\calc.sty"
Package: calc 2017/05/25 v4.3 Infix arithmetic (KKT,FJ)
\calc@Acount=\count115
\calc@Bcount=\count116
\calc@Adimen=\dimen117
\calc@Bdimen=\dimen118
\calc@Askip=\skip47
\calc@Bskip=\skip48
LaTeX Info: Redefining \setlength on input line 80.
LaTeX Info: Redefining \addtolength on input line 81.
\calc@Ccount=\count117
\calc@Cskip=\skip49
)
("C:\Program Files\MiKTeX 2.9\tex\latex\mathtools\mhsetup.sty"
Package: mhsetup 2017/03/31 v1.3 programming setup (MH)
)
LaTeX Info: Thecontrolsequence`\('isalreadyrobust on input line 129.
LaTeX Info: Thecontrolsequence`\)'isalreadyrobust on input line 129.
LaTeX Info: Thecontrolsequence`\['isalreadyrobust on input line 129.
LaTeX Info: Thecontrolsequence`\]'isalreadyrobust on input line 129.
\g_MT_multlinerow_int=\count118
\l_MT_multwidth_dim=\dimen119
\origjot=\skip50
\l_MT_shortvdotswithinadjustabove_dim=\dimen120
\l_MT_shortvdotswithinadjustbelow_dim=\dimen121
\l_MT_above_intertext_sep=\dimen122
\l_MT_below_intertext_sep=\dimen123
\l_MT_above_shortintertext_sep=\dimen124
\l_MT_below_shortintertext_sep=\dimen125
)
("C:\Program Files\MiKTeX 2.9\tex\latex\graphics\graphicx.sty"
Package: graphicx 2017/06/01 v1.1a Enhanced LaTeX Graphics (DPC,SPQR)

("C:\Program Files\MiKTeX 2.9\tex\latex\graphics\graphics.sty"
Package: graphics 2017/06/25 v1.2c Standard LaTeX Graphics (DPC,SPQR)

("C:\Program Files\MiKTeX 2.9\tex\latex\graphics\trig.sty"
Package: trig 2016/01/03 v1.10 sin cos tan (DPC)
)
("C:\Program Files\MiKTeX 2.9\tex\latex\graphics-cfg\graphics.cfg"
File: graphics.cfg 2016/06/04 v1.11 sample graphics configuration
)
Package graphics Info: Driver file: pdftex.def on input line 99.

("C:\Program Files\MiKTeX 2.9\tex\latex\graphics-def\pdftex.def"
File: pdftex.def 2018/01/08 v1.0l Graphics/color driver for pdftex
))
\Gin@req@height=\dimen126
\Gin@req@width=\dimen127
)
("C:\Program Files\MiKTeX 2.9\tex\latex\oberdiek\bookmark.sty"
Package: bookmark 2016/05/17 v1.26 PDF bookmarks (HO)

("C:\Program Files\MiKTeX 2.9\tex\latex\oberdiek\bkm-pdftex.def"
File: bkm-pdftex.def 2016/05/17 v1.26 bookmark driver for pdfTeX (HO)
\BKM@id=\count119
))
("C:\Program Files\MiKTeX 2.9\tex\latex\sttools\stfloats.sty"
Package: stfloats 2017/03/27 v3.3 Improve float mechanism and baselineskip sett
ings
\@dblbotnum=\count120
\c@dblbotnumber=\count121
)
("C:\Program Files\MiKTeX 2.9\tex\latex\adjustbox\adjustbox.sty"
Package: adjustbox 2018/04/08 v1.1 Adjusting TeX boxes (trim, clip, ...)

("C:\Program Files\MiKTeX 2.9\tex\latex\xkeyval\xkeyval.sty"
Package: xkeyval 2014/12/03 v2.7a package option processing (HA)

("C:\Program Files\MiKTeX 2.9\tex\generic\xkeyval\xkeyval.tex"
("C:\Program Files\MiKTeX 2.9\tex\generic\xkeyval\xkvutils.tex"
\XKV@toks=\toks22
\XKV@tempa@toks=\toks23
)
\XKV@depth=\count122
File: xkeyval.tex 2014/12/03 v2.7a key=value parser (HA)
))
("C:\Program Files\MiKTeX 2.9\tex\latex\adjustbox\adjcalc.sty"
Package: adjcalc 2012/05/16 v1.1 Provides advanced setlength with multiple back
-ends (calc, etex, pgfmath)
)
("C:\Program Files\MiKTeX 2.9\tex\latex\adjustbox\trimclip.sty"
Package: trimclip 2018/04/08 v1.1 Trim and clip general TeX material

("C:\Program Files\MiKTeX 2.9\tex\latex\collectbox\collectbox.sty"
Package: collectbox 2012/05/17 v0.4b Collect macro arguments as boxes
\collectedbox=\box28
)
\tc@llx=\dimen128
\tc@lly=\dimen129
\tc@urx=\dimen130
\tc@ury=\dimen131
Package trimclip Info: Using driver 'tc-pdftex.def'.

("C:\Program Files\MiKTeX 2.9\tex\latex\adjustbox\tc-pdftex.def"
File: tc-pdftex.def 2018/04/08 v2.1 Clipping driver for pdftex
))
\adjbox@Width=\dimen132
\adjbox@Height=\dimen133
\adjbox@Depth=\dimen134
\adjbox@Totalheight=\dimen135
\adjbox@pwidth=\dimen136
\adjbox@pheight=\dimen137
\adjbox@pdepth=\dimen138
\adjbox@ptotalheight=\dimen139

("C:\Program Files\MiKTeX 2.9\tex\latex\ifoddpage\ifoddpage.sty"
Package: ifoddpage 2016/04/23 v1.1 Conditionals for odd/even page detection
\c@checkoddpage=\count123
)
("C:\Program Files\MiKTeX 2.9\tex\latex\varwidth\varwidth.sty"
Package: varwidth 2009/03/30 ver 0.92;  Variable-width minipages
\@vwid@box=\box29
\sift@deathcycles=\count124
\@vwid@loff=\dimen140
\@vwid@roff=\dimen141
))
("C:\Program Files\MiKTeX 2.9\tex\latex\amsfonts\amssymb.sty"
Package: amssymb 2013/01/14 v3.01 AMS font symbols

("C:\Program Files\MiKTeX 2.9\tex\latex\amsfonts\amsfonts.sty"
Package: amsfonts 2013/01/14 v3.01 Basic AMSFonts support
\symAMSa=\mathgroup4
\symAMSb=\mathgroup5
LaTeX Font Info:    Overwriting math alphabet `\mathfrak' in version `bold'
(Font)                  U/euf/m/n --> U/euf/b/n on input line 106.
))
("C:\Program Files\MiKTeX 2.9\tex\latex\easylist\easylist.sty"
Package: easylist 2014/01/11 v.1.4 Numbered items with a single command.
\el@CounterTotal=\count125
\el@Scratch=\count126
\el@ControlCounter=\count127
\el@CounterLevel=\count128
\c@List1=\count129
\c@List2=\count130
\c@List3=\count131
\c@List4=\count132
\c@List5=\count133
\c@List6=\count134
\c@List7=\count135
\c@List8=\count136
\c@List9=\count137
\c@List10=\count138
\el@ProgressiveDimension=\dimen142
\el@CounterBox=\box30
\el@ControlBox=\box31
\el@TotalMargin=\dimen143
\el@LeftMove=\dimen144
)
("C:\Program Files\MiKTeX 2.9\tex\latex\geometry\geometry.sty"
Package: geometry 2018/04/16 v5.8 Page Geometry
\Gm@cnth=\count139
\Gm@cntv=\count140
\c@Gm@tempcnt=\count141
\Gm@bindingoffset=\dimen145
\Gm@wd@mp=\dimen146
\Gm@odd@mp=\dimen147
\Gm@even@mp=\dimen148
\Gm@layoutwidth=\dimen149
\Gm@layoutheight=\dimen150
\Gm@layouthoffset=\dimen151
\Gm@layoutvoffset=\dimen152
\Gm@dimlist=\toks24

("C:\Program Files\MiKTeX 2.9\tex\latex\geometry\geometry.cfg")) (sae3.aux)
\openout1 = `sae3.aux'.

LaTeX Font Info:    Checking defaults for OML/cmm/m/it on input line 27.
LaTeX Font Info:    ... okay on input line 27.
LaTeX Font Info:    Checking defaults for T1/cmr/m/n on input line 27.
LaTeX Font Info:    ... okay on input line 27.
LaTeX Font Info:    Checking defaults for OT1/cmr/m/n on input line 27.
LaTeX Font Info:    ... okay on input line 27.
LaTeX Font Info:    Checking defaults for OMS/cmsy/m/n on input line 27.
LaTeX Font Info:    ... okay on input line 27.
LaTeX Font Info:    Checking defaults for OMX/cmex/m/n on input line 27.
LaTeX Font Info:    ... okay on input line 27.
LaTeX Font Info:    Checking defaults for U/cmr/m/n on input line 27.
LaTeX Font Info:    ... okay on input line 27.
LaTeX Font Info:    Checking defaults for LGR/cmr/m/n on input line 27.
LaTeX Font Info:    Try loading font information for LGR+cmr on input line 27.

("C:\Program Files\MiKTeX 2.9\tex\latex\cbfonts-fd\lgrcmr.fd"
File: lgrcmr.fd 2017/07/29 v1.2 Greek European Computer Regular
)
LaTeX Font Info:    ... okay on input line 27.
LaTeX Font Info:    Checking defaults for PD1/pdf/m/n on input line 27.
LaTeX Font Info:    ... okay on input line 27.
LaTeX Font Info:    Checking defaults for PU/pdf/m/n on input line 27.
LaTeX Font Info:    ... okay on input line 27.
\AtBeginShipoutBox=\box32
Package hyperref Info: Link coloring OFF on input line 27.

("C:\Program Files\MiKTeX 2.9\tex\latex\hyperref\nameref.sty"
Package: nameref 2016/05/21 v2.44 Cross-referencing by name of section

("C:\Program Files\MiKTeX 2.9\tex\generic\oberdiek\gettitlestring.sty"
Package: gettitlestring 2016/05/16 v1.5 Cleanup title references (HO)
)
\c@section@level=\count142
)
LaTeX Info: Redefining \ref on input line 27.
LaTeX Info: Redefining \pageref on input line 27.
LaTeX Info: Redefining \nameref on input line 27.

("C:\Program Files\MiKTeX 2.9\tex\latex\greek-fontenc\alphabeta-lgr.def"
File: alphabeta-lgr 2014/09/04 0.11.2 Composite definitions for 8-bit TeX
)
   defining Unicode char U+0393 (decimal 915)
   defining Unicode char U+0394 (decimal 916)
   defining Unicode char U+0398 (decimal 920)
   defining Unicode char U+039B (decimal 923)
   defining Unicode char U+039E (decimal 926)
   defining Unicode char U+03A0 (decimal 928)
   defining Unicode char U+03A3 (decimal 931)
   defining Unicode char U+03A5 (decimal 933)
   defining Unicode char U+03A6 (decimal 934)
   defining Unicode char U+03A8 (decimal 936)
   defining Unicode char U+03A9 (decimal 937)
   defining Unicode char U+03B1 (decimal 945)
   defining Unicode char U+03B2 (decimal 946)
   defining Unicode char U+03B3 (decimal 947)
   defining Unicode char U+03B4 (decimal 948)
   defining Unicode char U+03B5 (decimal 949)
   defining Unicode char U+03B6 (decimal 950)
   defining Unicode char U+03B7 (decimal 951)
   defining Unicode char U+03B8 (decimal 952)
   defining Unicode char U+03B9 (decimal 953)
   defining Unicode char U+03BA (decimal 954)
   defining Unicode char U+03BB (decimal 955)
   defining Unicode char U+03BC (decimal 956)
   defining Unicode char U+03BD (decimal 957)
   defining Unicode char U+03BE (decimal 958)
   defining Unicode char U+03C0 (decimal 960)
   defining Unicode char U+03C1 (decimal 961)
   defining Unicode char U+03C2 (decimal 962)
   defining Unicode char U+03C3 (decimal 963)
   defining Unicode char U+03C4 (decimal 964)
   defining Unicode char U+03C5 (decimal 965)
   defining Unicode char U+03C6 (decimal 966)
   defining Unicode char U+03C7 (decimal 967)
   defining Unicode char U+03C8 (decimal 968)
   defining Unicode char U+03C9 (decimal 969)
   defining Unicode char U+03D1 (decimal 977)
   defining Unicode char U+03D5 (decimal 981)
   defining Unicode char U+03D6 (decimal 982)
   defining Unicode char U+03DD (decimal 989)
   defining Unicode char U+03F1 (decimal 1009)
   defining Unicode char U+03F5 (decimal 1013)

("C:\Program Files\MiKTeX 2.9\tex\context\base\supp-pdf.mkii"
[Loading MPS to PDF converter (version 2006.09.02).]
\scratchcounter=\count143
\scratchdimen=\dimen153
\scratchbox=\box33
\nofMPsegments=\count144
\nofMParguments=\count145
\everyMPshowfont=\toks25
\MPscratchCnt=\count146
\MPscratchDim=\dimen154
\MPnumerator=\count147
\makeMPintoPDFobject=\count148
\everyMPtoPDFconversion=\toks26
) ("C:\Program Files\MiKTeX 2.9\tex\latex\oberdiek\epstopdf-base.sty"
Package: epstopdf-base 2016/05/15 v2.6 Base part for package epstopdf

("C:\Program Files\MiKTeX 2.9\tex\latex\oberdiek\grfext.sty"
Package: grfext 2016/05/16 v1.2 Manage graphics extensions (HO)
)
Package epstopdf-base Info: Redefining graphics rule for `.eps' on input line 4
38.
Package grfext Info: Graphics extension search list:
(grfext)             [.pdf,.png,.jpg,.mps,.jpeg,.jbig2,.jb2,.PDF,.PNG,.JPG,.JPE
G,.JBIG2,.JB2,.eps]
(grfext)             \AppendGraphicsExtensions on input line 456.
)
*geometry* driver: auto-detecting
*geometry* detected driver: pdftex
*geometry* verbose mode - [ preamble ] result:
* driver: pdftex
* paper: a4paper
* layout: <same size as paper>
* layoutoffset:(h,v)=(0.0pt,0.0pt)
* modes: 
* h-part:(L,W,R)=(51.21495pt, 483.69684pt, 62.59608pt)
* v-part:(T,H,B)=(56.9055pt, 731.23582pt, 56.90552pt)
* \paperwidth=597.50787pt
* \paperheight=845.04684pt
* \textwidth=483.69684pt
* \textheight=731.23582pt
* \oddsidemargin=-21.05504pt
* \evensidemargin=-21.05504pt
* \topmargin=-52.36449pt
* \headheight=12.0pt
* \headsep=25.0pt
* \topskip=12.0pt
* \footskip=30.0pt
* \marginparwidth=44.0pt
* \marginparsep=10.0pt
* \columnsep=10.0pt
* \skip\footins=10.8pt plus 4.0pt minus 2.0pt
* \hoffset=0.0pt
* \voffset=0.0pt
* \mag=1000
* \@twocolumnfalse
* \@twosidefalse
* \@mparswitchfalse
* \@reversemarginfalse
* (1in=72.27pt=25.4mm, 1cm=28.453pt)

[1

{C:/Users/Kostas/AppData/Local/MiKTeX/2.9/pdftex/config/pdftex.map}]
<1a.jpg, id=13, 357.7365pt x 175.25475pt>
File: 1a.jpg Graphic file (type jpg)
<use 1a.jpg>
Package pdftex.def Info: 1a.jpg  used on input line 93.
(pdftex.def)             Requested size: 483.69684pt x 236.97144pt.

Underfull \hbox (badness 10000) in paragraph at lines 91--98

 []


Underfull \hbox (badness 10000) in paragraph at lines 91--98

 []


Underfull \hbox (badness 10000) in paragraph at lines 91--98

 []

LaTeX Font Info:    Try loading font information for U+msa on input line 98.
("C:\Program Files\MiKTeX 2.9\tex\latex\amsfonts\umsa.fd"
File: umsa.fd 2013/01/14 v3.01 AMS symbols A
)
LaTeX Font Info:    Try loading font information for U+msb on input line 98.

("C:\Program Files\MiKTeX 2.9\tex\latex\amsfonts\umsb.fd"
File: umsb.fd 2013/01/14 v3.01 AMS symbols B
)
Underfull \hbox (badness 10000) in paragraph at lines 110--130

 []


Underfull \hbox (badness 10000) in paragraph at lines 110--130

 []

pdfTeX warning (ext4): destination with the same identifier (name{page.1}) has 
been already used, duplicate ignored
<to be read again> 
                   \relax 
l.130 \[
         \dot{x} = [1 <./1a.jpg>]
Underfull \hbox (badness 10000) in paragraph at lines 166--182

 []


Underfull \hbox (badness 10000) in paragraph at lines 166--182

 []


Underfull \hbox (badness 10000) in paragraph at lines 183--185

 []


Underfull \hbox (badness 10000) in paragraph at lines 186--191

 []


Underfull \hbox (badness 10000) in paragraph at lines 186--191

 []

<resp1.jpg, id=27, 1206.75844pt x 644.4075pt>
File: resp1.jpg Graphic file (type jpg)
<use resp1.jpg>
Package pdftex.def Info: resp1.jpg  used on input line 200.
(pdftex.def)             Requested size: 483.69684pt x 258.2894pt.
<resp2.jpg, id=28, 1219.55624pt x 642.14906pt>
File: resp2.jpg Graphic file (type jpg)
<use resp2.jpg>
Package pdftex.def Info: resp2.jpg  used on input line 205.
(pdftex.def)             Requested size: 483.69684pt x 254.68962pt.
<slope3.jpg, id=29, 707.64375pt x 641.39626pt>
File: slope3.jpg Graphic file (type jpg)
<use slope3.jpg>
Package pdftex.def Info: slope3.jpg  used on input line 212.
(pdftex.def)             Requested size: 483.69684pt x 438.42403pt.
<resp4.jpg, id=30, 1214.28656pt x 640.64343pt>
File: resp4.jpg Graphic file (type jpg)
<use resp4.jpg>
Package pdftex.def Info: resp4.jpg  used on input line 219.
(pdftex.def)             Requested size: 483.69684pt x 255.1873pt.
<resp5.jpg, id=31, 1218.05063pt x 642.90187pt>
File: resp5.jpg Graphic file (type jpg)
<use resp5.jpg>
Package pdftex.def Info: resp5.jpg  used on input line 224.
(pdftex.def)             Requested size: 483.69684pt x 255.30212pt.
<slope6.jpg, id=32, 713.66624pt x 642.90187pt>
File: slope6.jpg Graphic file (type jpg)
<use slope6.jpg>
Package pdftex.def Info: slope6.jpg  used on input line 231.
(pdftex.def)             Requested size: 483.69684pt x 435.73524pt.

Underfull \hbox (badness 10000) in paragraph at lines 198--237

 []


Underfull \hbox (badness 10000) in paragraph at lines 198--237

 []


Underfull \hbox (badness 10000) in paragraph at lines 198--237

 []


Underfull \hbox (badness 10000) in paragraph at lines 198--237

 []


Underfull \hbox (badness 10000) in paragraph at lines 198--237

 []


Underfull \hbox (badness 10000) in paragraph at lines 198--237

 []


Underfull \hbox (badness 10000) in paragraph at lines 198--237

 []


Underfull \hbox (badness 10000) in paragraph at lines 198--237

 []


Underfull \hbox (badness 10000) in paragraph at lines 198--237

 []


Underfull \hbox (badness 10000) in paragraph at lines 198--237

 []


Underfull \hbox (badness 10000) in paragraph at lines 198--237

 []

[2] [3 <./resp1.jpg> <./resp2.jpg>] [4 <./slope3.jpg>] [5 <./resp4.jpg> <./resp
5.jpg>] [6 <./slope6.jpg>]
<1b.jpg, id=58, 331.83975pt x 112.0185pt>
File: 1b.jpg Graphic file (type jpg)
<use 1b.jpg>
Package pdftex.def Info: 1b.jpg  used on input line 242.
(pdftex.def)             Requested size: 483.69684pt x 163.29265pt.

Underfull \hbox (badness 10000) in paragraph at lines 240--247

 []


Underfull \hbox (badness 10000) in paragraph at lines 240--247

 []


Underfull \hbox (badness 10000) in paragraph at lines 240--247

 []


Underfull \hbox (badness 10000) in paragraph at lines 247--249

 []

<m_func.jpg, id=59, 387.849pt x 272.217pt>
File: m_func.jpg Graphic file (type jpg)
<use m_func.jpg>
Package pdftex.def Info: m_func.jpg  used on input line 254.
(pdftex.def)             Requested size: 483.69684pt x 339.48949pt.

Underfull \hbox (badness 10000) in paragraph at lines 253--280

 []


Underfull \hbox (badness 10000) in paragraph at lines 253--280

 []


Underfull \hbox (badness 10000) in paragraph at lines 253--280

 []


Underfull \hbox (badness 10000) in paragraph at lines 253--280

 []


Underfull \hbox (badness 10000) in paragraph at lines 253--280

 []


Underfull \hbox (badness 10000) in paragraph at lines 253--280

 []


Underfull \hbox (badness 10000) in paragraph at lines 253--280

 []

[7 <./1b.jpg>]
Underfull \hbox (badness 10000) in paragraph at lines 280--359

 []


Underfull \hbox (badness 10000) in paragraph at lines 280--359

 []


Underfull \hbox (badness 10000) in paragraph at lines 280--359

 []


Underfull \hbox (badness 10000) in paragraph at lines 280--359

 []


Underfull \hbox (badness 10000) in paragraph at lines 280--359

 []


Underfull \hbox (badness 10000) in paragraph at lines 280--359

 []


Underfull \hbox (badness 10000) in paragraph at lines 280--359

 []


Underfull \hbox (badness 10000) in paragraph at lines 280--359

 []


Underfull \hbox (badness 10000) in paragraph at lines 280--359

 []

[8 <./m_func.jpg>]
Underfull \hbox (badness 10000) in paragraph at lines 361--364

 []

<resp7.jpg, id=70, 1216.545pt x 642.90187pt>
File: resp7.jpg Graphic file (type jpg)
<use resp7.jpg>
Package pdftex.def Info: resp7.jpg  used on input line 370.
(pdftex.def)             Requested size: 483.69684pt x 255.61604pt.
<resp8.jpg, id=71, 1219.55624pt x 645.91313pt>
File: resp8.jpg Graphic file (type jpg)
<use resp8.jpg>
Package pdftex.def Info: resp8.jpg  used on input line 375.
(pdftex.def)             Requested size: 483.69684pt x 256.18254pt.
<slope9.jpg, id=72, 724.95844pt x 645.16031pt>
File: slope9.jpg Graphic file (type jpg)
<use slope9.jpg>
Package pdftex.def Info: slope9.jpg  used on input line 380.
(pdftex.def)             Requested size: 483.69684pt x 430.46349pt.
<resp10.jpg, id=73, 1212.78094pt x 643.6547pt>
File: resp10.jpg Graphic file (type jpg)
<use resp10.jpg>
Package pdftex.def Info: resp10.jpg  used on input line 389.
(pdftex.def)             Requested size: 483.69684pt x 256.71089pt.
<resp11.jpg, id=74, 1216.545pt x 634.62094pt>
File: resp11.jpg Graphic file (type jpg)
<use resp11.jpg>
Package pdftex.def Info: resp11.jpg  used on input line 394.
(pdftex.def)             Requested size: 483.69684pt x 252.32356pt.
<slope12.jpg, id=75, 676.02562pt x 605.26125pt>
File: slope12.jpg Graphic file (type jpg)
<use slope12.jpg>
Package pdftex.def Info: slope12.jpg  used on input line 399.
(pdftex.def)             Requested size: 483.69684pt x 433.07251pt.
<resp13.jpg, id=76, 1210.5225pt x 652.68843pt>
File: resp13.jpg Graphic file (type jpg)
<use resp13.jpg>
Package pdftex.def Info: resp13.jpg  used on input line 408.
(pdftex.def)             Requested size: 483.69684pt x 260.80185pt.
<resp14.jpg, id=77, 1220.30907pt x 651.93562pt>
File: resp14.jpg Graphic file (type jpg)
<use resp14.jpg>
Package pdftex.def Info: resp14.jpg  used on input line 413.
(pdftex.def)             Requested size: 483.69684pt x 258.41202pt.
<slope15.jpg, id=78, 733.23938pt x 648.17157pt>
File: slope15.jpg Graphic file (type jpg)
<use slope15.jpg>
Package pdftex.def Info: slope15.jpg  used on input line 418.
(pdftex.def)             Requested size: 483.69684pt x 427.58685pt.
<resp16.jpg, id=79, 1220.30907pt x 641.39626pt>
File: resp16.jpg Graphic file (type jpg)
<use resp16.jpg>
Package pdftex.def Info: resp16.jpg  used on input line 427.
(pdftex.def)             Requested size: 483.69684pt x 254.23445pt.
<resp17.jpg, id=80, 1237.62375pt x 639.13782pt>
File: resp17.jpg Graphic file (type jpg)
<use resp17.jpg>
Package pdftex.def Info: resp17.jpg  used on input line 432.
(pdftex.def)             Requested size: 483.69684pt x 249.78938pt.
<slope18.jpg, id=81, 732.48656pt x 641.39626pt>
File: slope18.jpg Graphic file (type jpg)
<use slope18.jpg>
Package pdftex.def Info: slope18.jpg  used on input line 437.
(pdftex.def)             Requested size: 483.69684pt x 423.54793pt.

Underfull \hbox (badness 10000) in paragraph at lines 367--443

 []


Underfull \hbox (badness 10000) in paragraph at lines 367--443

 []


Underfull \hbox (badness 10000) in paragraph at lines 367--443

 []


Underfull \hbox (badness 10000) in paragraph at lines 367--443

 []


Underfull \hbox (badness 10000) in paragraph at lines 367--443

 []


Underfull \hbox (badness 10000) in paragraph at lines 367--443

 []


Underfull \hbox (badness 10000) in paragraph at lines 367--443

 []


Underfull \hbox (badness 10000) in paragraph at lines 367--443

 []


Underfull \hbox (badness 10000) in paragraph at lines 367--443

 []


Underfull \hbox (badness 10000) in paragraph at lines 367--443

 []


Underfull \hbox (badness 10000) in paragraph at lines 367--443

 []


Underfull \hbox (badness 10000) in paragraph at lines 367--443

 []


Underfull \hbox (badness 10000) in paragraph at lines 367--443

 []


Underfull \hbox (badness 10000) in paragraph at lines 367--443

 []


Underfull \hbox (badness 10000) in paragraph at lines 367--443

 []


Underfull \hbox (badness 10000) in paragraph at lines 367--443

 []


Underfull \hbox (badness 10000) in paragraph at lines 367--443

 []


Underfull \hbox (badness 10000) in paragraph at lines 367--443

 []


Underfull \hbox (badness 10000) in paragraph at lines 367--443

 []


Underfull \hbox (badness 10000) in paragraph at lines 367--443

 []


Underfull \hbox (badness 10000) in paragraph at lines 367--443

 []


Underfull \hbox (badness 10000) in paragraph at lines 367--443

 []


Underfull \hbox (badness 10000) in paragraph at lines 367--443

 []

[9] [10 <./resp7.jpg> <./resp8.jpg>] [11 <./slope9.jpg>] [12 <./resp10.jpg> <./
resp11.jpg>] [13 <./slope12.jpg>] [14 <./resp13.jpg> <./resp14.jpg>] [15 <./slo
pe15.jpg>] [16 <./resp16.jpg> <./resp17.jpg>]
<m_function.jpg, id=117, 377.0085pt x 195.129pt>
File: m_function.jpg Graphic file (type jpg)
<use m_function.jpg>
Package pdftex.def Info: m_function.jpg  used on input line 445.
(pdftex.def)             Requested size: 483.69684pt x 250.3508pt.

Underfull \hbox (badness 10000) in paragraph at lines 444--450

 []


Underfull \hbox (badness 10000) in paragraph at lines 444--450

 []

[17 <./slope18.jpg>]
Underfull \hbox (badness 10000) in paragraph at lines 454--459

 []

LaTeX Font Info:    Try loading font information for OMS+cmr on input line 459.

("C:\Program Files\MiKTeX 2.9\tex\latex\base\omscmr.fd"
File: omscmr.fd 2014/09/29 v2.5h Standard LaTeX font definitions
)
LaTeX Font Info:    Font shape `OMS/cmr/m/n' in size <12> not available
(Font)              Font shape `OMS/cmsy/m/n' tried instead on input line 459.
 [18 <./m_function.jpg>] [19]
Underfull \hbox (badness 10000) in paragraph at lines 531--533

 []

[20] [21] [22] [23]
Underfull \hbox (badness 10000) in paragraph at lines 649--652

 []


Underfull \hbox (badness 10000) in paragraph at lines 672--675

 []

[24]
Underfull \hbox (badness 10000) in paragraph at lines 677--715

 []


Underfull \hbox (badness 10000) in paragraph at lines 677--715

 []


Underfull \hbox (badness 10000) in paragraph at lines 677--715

 []


Underfull \hbox (badness 10000) in paragraph at lines 677--715

 []


Overfull \hbox (7.78906pt too wide) detected at line 750
[] \OT1/cmr/m/n/12 = \OML/cmm/m/it/12 Ae \OT1/cmr/m/n/12 + \OML/cmm/m/it/12 B [
] \OT1/cmr/m/n/12 (\OML/cmm/m/it/12 v \OT1/cmr/m/n/12 + \OML/cmm/m/it/12 v\OT1
/cmr/m/n/12 ) + \OML/cmm/m/it/12 B\OT1/cmr/m/n/12 (\OML/cmm/m/it/12 v \OT1/cmr/
m/n/12 + \OML/cmm/m/it/12 v\OT1/cmr/m/n/12 ) + \OML/cmm/m/it/12 B [] cos\OT1/
cmr/m/n/12 (\OML/cmm/m/it/12 x[]\OT1/cmr/m/n/12 ) + \OML/cmm/m/it/12 B [] x[] 
\OT1/cmr/m/n/12 + \OML/cmm/m/it/12 Bh [] [] \OMS/cmsy/m/n/12 )
 []


Overfull \hbox (12.10486pt too wide) in paragraph at lines 757--759
\LGR/cmr/m/n/12 Sth sunqeia jew-rome th jetik oris-mnh kai mh frag-mnh ak-
tinik up-oy-fia sunrthsh $\OML/cmm/m/it/12 Lyapunov$ 
 []

[25]
Overfull \hbox (3.75766pt too wide) in paragraph at lines 761--763
$[] \OT1/cmr/m/n/12 = [] \OML/cmm/m/it/12 Pe$ 
 []


Overfull \hbox (13.21005pt too wide) detected at line 764
[] \OT1/cmr/m/n/12 = \OML/cmm/m/it/12 e[]\OT1/cmr/m/n/12 ([]\OML/cmm/m/it/12 P 
\OT1/cmr/m/n/12 + \OML/cmm/m/it/12 P[]\OT1/cmr/m/n/12 )\OML/cmm/m/it/12 e \OT1/
cmr/m/n/12 + 2\OML/cmm/m/it/12 e[]PB [] \OMS/cmsy/m/n/12 )
 []


Underfull \hbox (badness 10000) in paragraph at lines 780--784

 []


Underfull \hbox (badness 10000) in paragraph at lines 785--787

 []

[26]
Overfull \hbox (37.46603pt too wide) detected at line 790
\OMS/cmsy/m/n/12  [] [] \OML/cmm/m/it/12 sgn []  \OT1/cmr/m/n/12 (1\OML/cmm/m/i
t/12 :\OT1/cmr/m/n/12 2)
 []


Underfull \hbox (badness 10000) in paragraph at lines 799--803

 []


Underfull \hbox (badness 10000) in paragraph at lines 799--803

 []

[27]
Underfull \hbox (badness 10000) in paragraph at lines 843--847

 []


Underfull \hbox (badness 10000) in paragraph at lines 847--854

 []

<Acon1.jpg, id=169, 1164.60094pt x 704.6325pt>
File: Acon1.jpg Graphic file (type jpg)
<use Acon1.jpg>
Package pdftex.def Info: Acon1.jpg  used on input line 868.
(pdftex.def)             Requested size: 483.69684pt x 292.65358pt.
<Ap1.jpg, id=170, 1178.15157pt x 704.6325pt>
File: Ap1.jpg Graphic file (type jpg)
<use Ap1.jpg>
Package pdftex.def Info: Ap1.jpg  used on input line 871.
(pdftex.def)             Requested size: 483.69684pt x 289.28827pt.
<Av1.jpg, id=171, 1151.05031pt x 704.6325pt>
File: Av1.jpg Graphic file (type jpg)
<use Av1.jpg>
Package pdftex.def Info: Av1.jpg  used on input line 874.
(pdftex.def)             Requested size: 483.69684pt x 296.10492pt.
<Ap_error1.jpg, id=172, 1169.87062pt x 704.6325pt>
File: Ap_error1.jpg Graphic file (type jpg)
<use Ap_error1.jpg>
Package pdftex.def Info: Ap_error1.jpg  used on input line 877.
(pdftex.def)             Requested size: 483.69684pt x 291.34186pt.
<Av_error1.jpg, id=173, 1162.3425pt x 704.6325pt>
File: Av_error1.jpg Graphic file (type jpg)
<use Av_error1.jpg>
Package pdftex.def Info: Av_error1.jpg  used on input line 880.
(pdftex.def)             Requested size: 483.69684pt x 293.22343pt.
<Ap_por1.jpg, id=174, 666.99188pt x 651.18282pt>
File: Ap_por1.jpg Graphic file (type jpg)
<use Ap_por1.jpg>
Package pdftex.def Info: Ap_por1.jpg  used on input line 883.
(pdftex.def)             Requested size: 483.69684pt x 472.23953pt.
<Acon2.jpg, id=175, 1164.60094pt x 704.6325pt>
File: Acon2.jpg Graphic file (type jpg)
<use Acon2.jpg>
Package pdftex.def Info: Acon2.jpg  used on input line 886.
(pdftex.def)             Requested size: 483.69684pt x 292.65358pt.
<Ap2.jpg, id=176, 1169.11781pt x 704.6325pt>
File: Ap2.jpg Graphic file (type jpg)
<use Ap2.jpg>
Package pdftex.def Info: Ap2.jpg  used on input line 889.
(pdftex.def)             Requested size: 483.69684pt x 291.52464pt.
<Av2.jpg, id=177, 1163.84813pt x 704.6325pt>
File: Av2.jpg Graphic file (type jpg)
<use Av2.jpg>
Package pdftex.def Info: Av2.jpg  used on input line 892.
(pdftex.def)             Requested size: 483.69684pt x 292.83636pt.
<Ap_error2.jpg, id=178, 1168.365pt x 704.6325pt>
File: Ap_error2.jpg Graphic file (type jpg)
<use Ap_error2.jpg>
Package pdftex.def Info: Ap_error2.jpg  used on input line 895.
(pdftex.def)             Requested size: 483.69684pt x 291.71817pt.
<Av_error2.jpg, id=179, 1172.12906pt x 704.6325pt>
File: Av_error2.jpg Graphic file (type jpg)
<use Av_error2.jpg>
Package pdftex.def Info: Av_error2.jpg  used on input line 898.
(pdftex.def)             Requested size: 483.69684pt x 290.77202pt.
<Ap_por2.jpg, id=180, 670.75594pt x 657.95813pt>
File: Ap_por2.jpg Graphic file (type jpg)
<use Ap_por2.jpg>
Package pdftex.def Info: Ap_por2.jpg  used on input line 901.
(pdftex.def)             Requested size: 483.69684pt x 474.46239pt.
<Acon3.jpg, id=181, 1163.0953pt x 704.6325pt>
File: Acon3.jpg Graphic file (type jpg)
<use Acon3.jpg>
Package pdftex.def Info: Acon3.jpg  used on input line 904.
(pdftex.def)             Requested size: 483.69684pt x 293.04065pt.
<Ap3.jpg, id=182, 1177.39874pt x 704.6325pt>
File: Ap3.jpg Graphic file (type jpg)
<use Ap3.jpg>
Package pdftex.def Info: Ap3.jpg  used on input line 907.
(pdftex.def)             Requested size: 483.69684pt x 289.47104pt.
<Av3.jpg, id=183, 1170.62344pt x 704.6325pt>
File: Av3.jpg Graphic file (type jpg)
<use Av3.jpg>
Package pdftex.def Info: Av3.jpg  used on input line 910.
(pdftex.def)             Requested size: 483.69684pt x 291.14833pt.
<Ap_error3.jpg, id=184, 1169.87062pt x 704.6325pt>
File: Ap_error3.jpg Graphic file (type jpg)
<use Ap_error3.jpg>
Package pdftex.def Info: Ap_error3.jpg  used on input line 913.
(pdftex.def)             Requested size: 483.69684pt x 291.34186pt.
<Av_error3.jpg, id=185, 1158.57843pt x 704.6325pt>
File: Av_error3.jpg Graphic file (type jpg)
<use Av_error3.jpg>
Package pdftex.def Info: Av_error3.jpg  used on input line 916.
(pdftex.def)             Requested size: 483.69684pt x 294.18034pt.
<Ap_por3.jpg, id=186, 670.75594pt x 663.98062pt>
File: Ap_por3.jpg Graphic file (type jpg)
<use Ap_por3.jpg>
Package pdftex.def Info: Ap_por3.jpg  used on input line 919.
(pdftex.def)             Requested size: 483.69684pt x 478.80528pt.

Underfull \hbox (badness 10000) in paragraph at lines 863--927

 []


Underfull \hbox (badness 10000) in paragraph at lines 863--927

 []


Underfull \hbox (badness 10000) in paragraph at lines 863--927

 []


Underfull \hbox (badness 10000) in paragraph at lines 863--927

 []


Underfull \hbox (badness 10000) in paragraph at lines 863--927

 []


Underfull \hbox (badness 10000) in paragraph at lines 863--927

 []


Underfull \hbox (badness 10000) in paragraph at lines 863--927

 []


Underfull \hbox (badness 10000) in paragraph at lines 863--927

 []


Underfull \hbox (badness 10000) in paragraph at lines 863--927

 []


Underfull \hbox (badness 10000) in paragraph at lines 863--927

 []


Underfull \hbox (badness 10000) in paragraph at lines 863--927

 []


Underfull \hbox (badness 10000) in paragraph at lines 863--927

 []


Underfull \hbox (badness 10000) in paragraph at lines 863--927

 []


Underfull \hbox (badness 10000) in paragraph at lines 863--927

 []


Underfull \hbox (badness 10000) in paragraph at lines 863--927

 []


Underfull \hbox (badness 10000) in paragraph at lines 863--927

 []


Underfull \hbox (badness 10000) in paragraph at lines 863--927

 []


Underfull \hbox (badness 10000) in paragraph at lines 863--927

 []


Underfull \hbox (badness 10000) in paragraph at lines 863--927

 []


Underfull \hbox (badness 10000) in paragraph at lines 863--927

 []


Underfull \hbox (badness 10000) in paragraph at lines 863--927

 []


Underfull \hbox (badness 10000) in paragraph at lines 863--927

 []


Underfull \hbox (badness 10000) in paragraph at lines 863--927

 []


Underfull \hbox (badness 10000) in paragraph at lines 863--927

 []


Underfull \hbox (badness 10000) in paragraph at lines 863--927

 []


Underfull \hbox (badness 10000) in paragraph at lines 863--927

 []


Underfull \hbox (badness 10000) in paragraph at lines 863--927

 []


Underfull \hbox (badness 10000) in paragraph at lines 863--927

 []


Underfull \hbox (badness 10000) in paragraph at lines 863--927

 []


Underfull \hbox (badness 10000) in paragraph at lines 863--927

 []


Underfull \hbox (badness 10000) in paragraph at lines 863--927

 []


Underfull \hbox (badness 10000) in paragraph at lines 863--927

 []


Underfull \hbox (badness 10000) in paragraph at lines 863--927

 []


Underfull \hbox (badness 10000) in paragraph at lines 863--927

 []


Underfull \hbox (badness 10000) in paragraph at lines 863--927

 []


Underfull \hbox (badness 10000) in paragraph at lines 863--927

 []


Underfull \hbox (badness 10000) in paragraph at lines 863--927

 []

[28] [29 <./Acon1.jpg> <./Ap1.jpg>] [30 <./Av1.jpg> <./Ap_error1.jpg>] [31 <./A
v_error1.jpg>] [32 <./Ap_por1.jpg>] [33 <./Acon2.jpg> <./Ap2.jpg>] [34 <./Av2.j
pg> <./Ap_error2.jpg>] [35 <./Av_error2.jpg>] [36 <./Ap_por2.jpg>] [37 <./Acon3
.jpg> <./Ap3.jpg>] [38 <./Av3.jpg> <./Ap_error3.jpg>] [39 <./Av_error3.jpg>]
[40 <./Ap_por3.jpg>] [41]

LaTeX Warning: Command \textTau invalid in math mode on input line 993.


LaTeX Warning: Command \textTau invalid in math mode on input line 993.


LaTeX Warning: Command \textTau invalid in math mode on input line 995.


LaTeX Warning: Command \textTau invalid in math mode on input line 995.


LaTeX Warning: Command \textTau invalid in math mode on input line 996.


LaTeX Warning: Command \textTau invalid in math mode on input line 996.

[42]
Underfull \hbox (badness 10000) in paragraph at lines 1065--1069

 []

[43]
Overfull \hbox (17.8327pt too wide) in paragraph at lines 1086--1090
\LGR/cmr/m/n/12 Epilontac to ssthma twn di-aforikn ex-issewn \OT1/cmr/m/n/1
2 (2.8)-(2.12) \LGR/cmr/m/n/12 me ar-qikc timc $\OT1/cmr/m/n/12 ([]\OML/cmm/m
/it/12 ; \OT1/cmr/m/n/12 0\OML/cmm/m/it/12 ; \OT1/cmr/m/n/12 0\OML/cmm/m/it/12 
:\OT1/cmr/m/n/12 18\OML/cmm/m/it/12 ; \OT1/cmr/m/n/12 0\OML/cmm/m/it/12 :\OT1/c
mr/m/n/12 005\OML/cmm/m/it/12 ; \OT1/cmr/m/n/12 9\OML/cmm/m/it/12 :\OT1/cmr/m/n
/12 8)$
 []


Underfull \hbox (badness 10000) in paragraph at lines 1086--1090

 []

<p_1.jpg, id=259, 1175.89313pt x 704.6325pt>
File: p_1.jpg Graphic file (type jpg)
<use p_1.jpg>
Package pdftex.def Info: p_1.jpg  used on input line 1095.
(pdftex.def)             Requested size: 483.69684pt x 289.84737pt.
<v_1.jpg, id=260, 1156.32pt x 660.96938pt>
File: v_1.jpg Graphic file (type jpg)
<use v_1.jpg>
Package pdftex.def Info: v_1.jpg  used on input line 1098.
(pdftex.def)             Requested size: 483.69684pt x 276.48575pt.
<p_error_1.jpg, id=261, 1163.0953pt x 704.6325pt>
File: p_error_1.jpg Graphic file (type jpg)
<use p_error_1.jpg>
Package pdftex.def Info: p_error_1.jpg  used on input line 1101.
(pdftex.def)             Requested size: 483.69684pt x 293.04065pt.
<v_error_1.jpg, id=262, 1172.12906pt x 704.6325pt>
File: v_error_1.jpg Graphic file (type jpg)
<use v_error_1.jpg>
Package pdftex.def Info: v_error_1.jpg  used on input line 1104.
(pdftex.def)             Requested size: 483.69684pt x 290.77202pt.
<s_error_1.jpg, id=263, 1172.12906pt x 703.87968pt>
File: s_error_1.jpg Graphic file (type jpg)
<use s_error_1.jpg>
Package pdftex.def Info: s_error_1.jpg  used on input line 1107.
(pdftex.def)             Requested size: 483.69684pt x 290.46135pt.
<h_est_1.jpg, id=264, 1179.65718pt x 704.6325pt>
File: h_est_1.jpg Graphic file (type jpg)
<use h_est_1.jpg>
Package pdftex.def Info: h_est_1.jpg  used on input line 1110.
(pdftex.def)             Requested size: 483.69684pt x 288.9227pt.
<b_est_1.jpg, id=265, 1172.88188pt x 704.6325pt>
File: b_est_1.jpg Graphic file (type jpg)
<use b_est_1.jpg>
Package pdftex.def Info: b_est_1.jpg  used on input line 1113.
(pdftex.def)             Requested size: 483.69684pt x 290.58923pt.
<a_est_1.jpg, id=266, 1174.3875pt x 704.6325pt>
File: a_est_1.jpg Graphic file (type jpg)
<use a_est_1.jpg>
Package pdftex.def Info: a_est_1.jpg  used on input line 1116.
(pdftex.def)             Requested size: 483.69684pt x 290.21292pt.
<p_2.jpg, id=267, 1175.14032pt x 704.6325pt>
File: p_2.jpg Graphic file (type jpg)
<use p_2.jpg>
Package pdftex.def Info: p_2.jpg  used on input line 1121.
(pdftex.def)             Requested size: 483.69684pt x 290.03014pt.
<v_2.jpg, id=268, 1161.58969pt x 704.6325pt>
File: v_2.jpg Graphic file (type jpg)
<use v_2.jpg>
Package pdftex.def Info: v_2.jpg  used on input line 1124.
(pdftex.def)             Requested size: 483.69684pt x 293.41696pt.
<p_error_2.jpg, id=269, 1160.08406pt x 704.6325pt>
File: p_error_2.jpg Graphic file (type jpg)
<use p_error_2.jpg>
Package pdftex.def Info: p_error_2.jpg  used on input line 1127.
(pdftex.def)             Requested size: 483.69684pt x 293.79327pt.
<v_error_2.jpg, id=270, 1169.87062pt x 704.6325pt>
File: v_error_2.jpg Graphic file (type jpg)
<use v_error_2.jpg>
Package pdftex.def Info: v_error_2.jpg  used on input line 1130.
(pdftex.def)             Requested size: 483.69684pt x 291.34186pt.
<s_error_2.jpg, id=271, 1176.64594pt x 704.6325pt>
File: s_error_2.jpg Graphic file (type jpg)
<use s_error_2.jpg>
Package pdftex.def Info: s_error_2.jpg  used on input line 1133.
(pdftex.def)             Requested size: 483.69684pt x 289.66458pt.
<h_est_2.jpg, id=272, 1169.87062pt x 704.6325pt>
File: h_est_2.jpg Graphic file (type jpg)
<use h_est_2.jpg>
Package pdftex.def Info: h_est_2.jpg  used on input line 1136.
(pdftex.def)             Requested size: 483.69684pt x 291.34186pt.
<b_est_2.jpg, id=273, 1168.365pt x 704.6325pt>
File: b_est_2.jpg Graphic file (type jpg)
<use b_est_2.jpg>
Package pdftex.def Info: b_est_2.jpg  used on input line 1139.
(pdftex.def)             Requested size: 483.69684pt x 291.71817pt.
<a_est_2.jpg, id=274, 1172.12906pt x 704.6325pt>
File: a_est_2.jpg Graphic file (type jpg)
<use a_est_2.jpg>
Package pdftex.def Info: a_est_2.jpg  used on input line 1142.
(pdftex.def)             Requested size: 483.69684pt x 290.77202pt.
Package atveryend Info: Empty hook `BeforeClearDocument' on input line 1146.

Underfull \hbox (badness 10000) in paragraph at lines 1092--1146

 []


Underfull \hbox (badness 10000) in paragraph at lines 1092--1146

 []


Underfull \hbox (badness 10000) in paragraph at lines 1092--1146

 []


Underfull \hbox (badness 10000) in paragraph at lines 1092--1146

 []


Underfull \hbox (badness 10000) in paragraph at lines 1092--1146

 []


Underfull \hbox (badness 10000) in paragraph at lines 1092--1146

 []


Underfull \hbox (badness 10000) in paragraph at lines 1092--1146

 []


Underfull \hbox (badness 10000) in paragraph at lines 1092--1146

 []


Underfull \hbox (badness 10000) in paragraph at lines 1092--1146

 []


Underfull \hbox (badness 10000) in paragraph at lines 1092--1146

 []


Underfull \hbox (badness 10000) in paragraph at lines 1092--1146

 []


Underfull \hbox (badness 10000) in paragraph at lines 1092--1146

 []


Underfull \hbox (badness 10000) in paragraph at lines 1092--1146

 []


Underfull \hbox (badness 10000) in paragraph at lines 1092--1146

 []

[44 <./p_1.jpg>] [45 <./v_1.jpg> <./p_error_1.jpg>] [46 <./v_error_1.jpg> <./s_
error_1.jpg>] [47 <./h_est_1.jpg> <./b_est_1.jpg>] [48 <./a_est_1.jpg> <./p_2.j
pg>] [49 <./v_2.jpg> <./p_error_2.jpg>] [50 <./v_error_2.jpg> <./s_error_2.jpg>
] [51 <./h_est_2.jpg> <./b_est_2.jpg>] [52 <./a_est_2.jpg>]
Package atveryend Info: Empty hook `AfterLastShipout' on input line 1146.
 (sae3.aux)
Package atveryend Info: Executing hook `AtVeryEndDocument' on input line 1146.
Package atveryend Info: Empty hook `AtEndAfterFileList' on input line 1146.
Package atveryend Info: Empty hook `AtVeryVeryEnd' on input line 1146.
 )
(\end occurred inside a group at level 5)

### simple group (level 5) entered at line 233 ({)
### simple group (level 4) entered at line 226 ({)
### simple group (level 3) entered at line 221 ({)
### simple group (level 2) entered at line 207 ({)
### simple group (level 1) entered at line 202 ({)
### bottom level 
Here is how much of TeX's memory you used:
 14201 strings out of 492970
 201589 string characters out of 3135852
 293112 words of memory out of 3000000
 17781 multiletter control sequences out of 15000+200000
 18338 words of font info for 53 fonts, out of 3000000 for 9000
 1141 hyphenation exceptions out of 8191
 30i,11n,64p,1720b,526s stack positions out of 5000i,500n,10000p,200000b,50000s
 <C:\Users\Kostas\AppData\Local\MiKTeX\2.9\fonts\pk\ljfour\publ
ic\cbgreek\dpi600\grmn1200.pk> <C:\Users\Kostas\AppData\Local\MiKTeX\2.9\fonts\
pk\ljfour\public\cbgreek\dpi600\grxn1440.pk> <C:\Users\Kostas\AppData\Local\MiK
TeX\2.9\fonts\pk\ljfour\public\cbgreek\dpi600\grxn1728.pk> <C:\Users\Kostas\App
Data\Local\MiKTeX\2.9\fonts\pk\ljfour\public\cbgreek\dpi600\grxn2488.pk> <C:\Us
ers\Kostas\AppData\Local\MiKTeX\2.9\fonts\pk\ljfour\public\cbgreek\dpi600\grmc1
728.pk> <C:\Users\Kostas\AppData\Local\MiKTeX\2.9\fonts\pk\ljfour\public\cbgree
k\dpi600\grmc2074.pk><C:/Program Files/MiKTeX 2.9/fonts/type1/public/amsfonts/c
m/cmbx12.pfb><C:/Program Files/MiKTeX 2.9/fonts/type1/public/amsfonts/cm/cmex10
.pfb><C:/Program Files/MiKTeX 2.9/fonts/type1/public/amsfonts/cm/cmmi12.pfb><C:
/Program Files/MiKTeX 2.9/fonts/type1/public/amsfonts/cm/cmmi6.pfb><C:/Program 
Files/MiKTeX 2.9/fonts/type1/public/amsfonts/cm/cmmi8.pfb><C:/Program Files/MiK
TeX 2.9/fonts/type1/public/amsfonts/cm/cmr12.pfb><C:/Program Files/MiKTeX 2.9/f
onts/type1/public/amsfonts/cm/cmr6.pfb><C:/Program Files/MiKTeX 2.9/fonts/type1
/public/amsfonts/cm/cmr8.pfb><C:/Program Files/MiKTeX 2.9/fonts/type1/public/am
sfonts/cm/cmsy10.pfb><C:/Program Files/MiKTeX 2.9/fonts/type1/public/amsfonts/c
m/cmsy8.pfb><C:/Program Files/MiKTeX 2.9/fonts/type1/public/amsfonts/symbols/ms
am10.pfb><C:/Program Files/MiKTeX 2.9/fonts/type1/public/amsfonts/symbols/msbm1
0.pfb>
Output written on sae3.pdf (53 pages, 10005240 bytes).
PDF statistics:
 552 PDF objects out of 1000 (max. 8388607)
 68 named destinations out of 1000 (max. 500000)
 401 words of extra memory for PDF output out of 10000 (max. 10000000)

